f:\download\crossinggame\oop_project_finalized\oop_project_finalized\x64\debug\vc142.pdb
f:\download\crossinggame\oop_project_finalized\oop_project_finalized\x64\debug\vc142.idb
f:\download\crossinggame\oop_project_finalized\oop_project_finalized\x64\debug\map.obj
f:\download\crossinggame\oop_project_finalized\oop_project_finalized\x64\debug\main.obj
f:\download\crossinggame\oop_project_finalized\oop_project_finalized\x64\debug\cvehiclerow.obj
f:\download\crossinggame\oop_project_finalized\oop_project_finalized\x64\debug\cvehicle.obj
f:\download\crossinggame\oop_project_finalized\oop_project_finalized\x64\debug\ctruck.obj
f:\download\crossinggame\oop_project_finalized\oop_project_finalized\x64\debug\cpeople.obj
f:\download\crossinggame\oop_project_finalized\oop_project_finalized\x64\debug\console.obj
f:\download\crossinggame\oop_project_finalized\oop_project_finalized\x64\debug\clevel.obj
f:\download\crossinggame\oop_project_finalized\oop_project_finalized\x64\debug\cgame.obj
f:\download\crossinggame\oop_project_finalized\oop_project_finalized\x64\debug\cdinausor.obj
f:\download\crossinggame\oop_project_finalized\oop_project_finalized\x64\debug\ccar.obj
f:\download\crossinggame\oop_project_finalized\oop_project_finalized\x64\debug\cbird.obj
f:\download\crossinggame\oop_project_finalized\oop_project_finalized\x64\debug\canimalrow.obj
f:\download\crossinggame\oop_project_finalized\oop_project_finalized\x64\debug\canimal.obj
f:\download\crossinggame\oop_project_finalized\oop_project_finalized\x64\debug\animalfactory.obj
f:\download\crossinggame\oop_project_finalized\oop_project_finalized\x64\debug\gamedata.obj
f:\download\crossinggame\oop_project_finalized\x64\debug\oop_project_finalized.pdb
f:\download\crossinggame\oop_project_finalized\oop_project_finalized\x64\debug\oop_proj.1e880b53.tlog\cl.command.1.tlog
f:\download\crossinggame\oop_project_finalized\oop_project_finalized\x64\debug\oop_proj.1e880b53.tlog\cl.read.1.tlog
f:\download\crossinggame\oop_project_finalized\oop_project_finalized\x64\debug\oop_proj.1e880b53.tlog\cl.write.1.tlog
f:\download\crossinggame\oop_project_finalized\oop_project_finalized\x64\debug\oop_proj.1e880b53.tlog\link-cvtres.read.1.tlog
f:\download\crossinggame\oop_project_finalized\oop_project_finalized\x64\debug\oop_proj.1e880b53.tlog\link-cvtres.write.1.tlog
f:\download\crossinggame\oop_project_finalized\oop_project_finalized\x64\debug\oop_proj.1e880b53.tlog\link-rc.read.1.tlog
f:\download\crossinggame\oop_project_finalized\oop_project_finalized\x64\debug\oop_proj.1e880b53.tlog\link-rc.write.1.tlog
f:\download\crossinggame\oop_project_finalized\oop_project_finalized\x64\debug\oop_proj.1e880b53.tlog\link.command.1.tlog
f:\download\crossinggame\oop_project_finalized\oop_project_finalized\x64\debug\oop_proj.1e880b53.tlog\link.read.1.tlog
f:\download\crossinggame\oop_project_finalized\oop_project_finalized\x64\debug\oop_proj.1e880b53.tlog\link.write.1.tlog
